mode: set
github.com/himansu/Gophercises/task/cmd/add.go:14.47,17.17 3 1
github.com/himansu/Gophercises/task/cmd/add.go:21.3,21.56 1 1
github.com/himansu/Gophercises/task/cmd/add.go:17.17,20.4 2 0
github.com/himansu/Gophercises/task/cmd/add.go:25.13,27.2 1 1
github.com/himansu/Gophercises/task/cmd/do.go:14.47,16.28 2 1
github.com/himansu/Gophercises/task/cmd/do.go:25.3,26.17 2 1
github.com/himansu/Gophercises/task/cmd/do.go:30.3,30.26 1 1
github.com/himansu/Gophercises/task/cmd/do.go:16.28,18.18 2 1
github.com/himansu/Gophercises/task/cmd/do.go:18.18,21.5 1 1
github.com/himansu/Gophercises/task/cmd/do.go:21.10,23.5 1 1
github.com/himansu/Gophercises/task/cmd/do.go:26.17,29.4 2 0
github.com/himansu/Gophercises/task/cmd/do.go:30.26,31.34 1 1
github.com/himansu/Gophercises/task/cmd/do.go:35.4,37.18 3 1
github.com/himansu/Gophercises/task/cmd/do.go:31.34,33.13 2 1
github.com/himansu/Gophercises/task/cmd/do.go:37.18,39.5 1 0
github.com/himansu/Gophercises/task/cmd/do.go:39.10,41.5 1 1
github.com/himansu/Gophercises/task/cmd/do.go:46.13,48.2 1 1
github.com/himansu/Gophercises/task/cmd/list.go:13.47,15.17 2 1
github.com/himansu/Gophercises/task/cmd/list.go:20.3,20.22 1 1
github.com/himansu/Gophercises/task/cmd/list.go:24.3,25.30 2 1
github.com/himansu/Gophercises/task/cmd/list.go:15.17,19.4 2 1
github.com/himansu/Gophercises/task/cmd/list.go:20.22,23.4 2 1
github.com/himansu/Gophercises/task/cmd/list.go:25.30,27.4 1 1
github.com/himansu/Gophercises/task/cmd/list.go:31.13,33.2 1 1
