mode: set
github.com/himansu/Gophercises/transform/main.go:20.28,30.2 9 1
github.com/himansu/Gophercises/transform/main.go:33.13,35.2 1 0
github.com/himansu/Gophercises/transform/main.go:38.51,47.2 3 1
github.com/himansu/Gophercises/transform/main.go:50.53,53.16 3 1
github.com/himansu/Gophercises/transform/main.go:64.2,66.8 3 1
github.com/himansu/Gophercises/transform/main.go:53.16,57.17 4 0
github.com/himansu/Gophercises/transform/main.go:57.17,62.4 4 0
github.com/himansu/Gophercises/transform/main.go:70.53,76.16 5 1
github.com/himansu/Gophercises/transform/main.go:80.2,84.19 4 1
github.com/himansu/Gophercises/transform/main.go:90.2,91.16 2 1
github.com/himansu/Gophercises/transform/main.go:95.2,98.16 3 1
github.com/himansu/Gophercises/transform/main.go:104.2,105.16 2 0
github.com/himansu/Gophercises/transform/main.go:109.2,111.15 3 0
github.com/himansu/Gophercises/transform/main.go:76.16,79.3 2 1
github.com/himansu/Gophercises/transform/main.go:84.19,88.3 2 0
github.com/himansu/Gophercises/transform/main.go:91.16,94.3 2 1
github.com/himansu/Gophercises/transform/main.go:98.16,102.3 2 1
github.com/himansu/Gophercises/transform/main.go:105.16,108.3 2 0
github.com/himansu/Gophercises/transform/main.go:116.23,125.16 4 1
github.com/himansu/Gophercises/transform/main.go:152.2,152.60 1 1
github.com/himansu/Gophercises/transform/main.go:125.16,141.29 5 1
github.com/himansu/Gophercises/transform/main.go:148.3,150.9 2 1
github.com/himansu/Gophercises/transform/main.go:141.29,147.4 1 1
github.com/himansu/Gophercises/transform/main.go:156.94,165.16 4 1
github.com/himansu/Gophercises/transform/main.go:188.2,188.60 1 1
github.com/himansu/Gophercises/transform/main.go:165.16,179.29 5 0
github.com/himansu/Gophercises/transform/main.go:185.3,186.9 2 0
github.com/himansu/Gophercises/transform/main.go:179.29,184.4 1 0
github.com/himansu/Gophercises/transform/main.go:197.81,199.27 2 1
github.com/himansu/Gophercises/transform/main.go:208.2,208.17 1 1
github.com/himansu/Gophercises/transform/main.go:199.27,202.17 3 1
github.com/himansu/Gophercises/transform/main.go:206.3,206.23 1 1
github.com/himansu/Gophercises/transform/main.go:202.17,205.4 2 1
github.com/himansu/Gophercises/transform/main.go:213.95,218.16 5 1
github.com/himansu/Gophercises/transform/main.go:226.2,226.16 1 1
github.com/himansu/Gophercises/transform/main.go:218.16,220.17 2 1
github.com/himansu/Gophercises/transform/main.go:220.17,224.4 3 1
github.com/himansu/Gophercises/transform/main.go:230.53,235.16 4 1
github.com/himansu/Gophercises/transform/main.go:239.2,240.56 2 1
github.com/himansu/Gophercises/transform/main.go:235.16,238.3 1 1
