mode: set
github.com/himansu/Gophercises/recover_chroma/main.go:20.13,27.2 6 1
github.com/himansu/Gophercises/recover_chroma/main.go:29.64,33.16 4 1
github.com/himansu/Gophercises/recover_chroma/main.go:36.2,37.16 2 1
github.com/himansu/Gophercises/recover_chroma/main.go:41.2,43.16 3 1
github.com/himansu/Gophercises/recover_chroma/main.go:47.2,48.14 2 1
github.com/himansu/Gophercises/recover_chroma/main.go:51.2,54.18 4 1
github.com/himansu/Gophercises/recover_chroma/main.go:57.2,60.38 4 1
github.com/himansu/Gophercises/recover_chroma/main.go:33.16,35.3 1 1
github.com/himansu/Gophercises/recover_chroma/main.go:37.16,40.3 2 1
github.com/himansu/Gophercises/recover_chroma/main.go:43.16,46.3 2 0
github.com/himansu/Gophercises/recover_chroma/main.go:48.14,50.3 1 1
github.com/himansu/Gophercises/recover_chroma/main.go:54.18,56.3 1 0
github.com/himansu/Gophercises/recover_chroma/main.go:64.47,65.54 1 1
github.com/himansu/Gophercises/recover_chroma/main.go:65.54,66.16 1 1
github.com/himansu/Gophercises/recover_chroma/main.go:75.3,75.22 1 1
github.com/himansu/Gophercises/recover_chroma/main.go:66.16,67.36 1 1
github.com/himansu/Gophercises/recover_chroma/main.go:67.36,73.5 5 1
github.com/himansu/Gophercises/recover_chroma/main.go:79.56,81.2 1 1
github.com/himansu/Gophercises/recover_chroma/main.go:83.61,86.2 2 1
github.com/himansu/Gophercises/recover_chroma/main.go:88.23,89.73 1 1
github.com/himansu/Gophercises/recover_chroma/main.go:92.52,94.2 1 1
github.com/himansu/Gophercises/recover_chroma/main.go:96.37,98.30 2 1
github.com/himansu/Gophercises/recover_chroma/main.go:121.2,121.34 1 1
github.com/himansu/Gophercises/recover_chroma/main.go:98.30,99.40 1 1
github.com/himansu/Gophercises/recover_chroma/main.go:102.3,103.27 2 1
github.com/himansu/Gophercises/recover_chroma/main.go:109.3,110.46 2 1
github.com/himansu/Gophercises/recover_chroma/main.go:116.3,119.142 4 1
github.com/himansu/Gophercises/recover_chroma/main.go:99.40,100.12 1 1
github.com/himansu/Gophercises/recover_chroma/main.go:103.27,104.17 1 1
github.com/himansu/Gophercises/recover_chroma/main.go:104.17,106.10 2 1
github.com/himansu/Gophercises/recover_chroma/main.go:110.46,111.38 1 1
github.com/himansu/Gophercises/recover_chroma/main.go:114.4,114.30 1 1
github.com/himansu/Gophercises/recover_chroma/main.go:111.38,112.10 1 1
